{"total": {"lines":{"total":1432,"covered":1150,"skipped":0,"pct":80.3},"statements":{"total":1580,"covered":1227,"skipped":0,"pct":77.65},"functions":{"total":218,"covered":191,"skipped":0,"pct":87.61},"branches":{"total":1013,"covered":620,"skipped":0,"pct":61.2},"branchesTrue":{"total":0,"covered":0,"skipped":0,"pct":100}}
,"/Users/quantumrose/Documents/Emberois/LengendOfUni-rebuild/03_Web_Rebuild/src/components/Tutorial.tsx": {"lines":{"total":54,"covered":30,"skipped":0,"pct":55.55},"functions":{"total":21,"covered":6,"skipped":0,"pct":28.57},"statements":{"total":65,"covered":31,"skipped":0,"pct":47.69},"branches":{"total":69,"covered":27,"skipped":0,"pct":39.13}}
,"/Users/quantumrose/Documents/Emberois/LengendOfUni-rebuild/03_Web_Rebuild/src/config/starIndices.ts": {"lines":{"total":1,"covered":1,"skipped":0,"pct":100},"functions":{"total":0,"covered":0,"skipped":0,"pct":100},"statements":{"total":1,"covered":1,"skipped":0,"pct":100},"branches":{"total":0,"covered":0,"skipped":0,"pct":100}}
,"/Users/quantumrose/Documents/Emberois/LengendOfUni-rebuild/03_Web_Rebuild/src/core/AlienCivilization.ts": {"lines":{"total":119,"covered":72,"skipped":0,"pct":60.5},"functions":{"total":21,"covered":20,"skipped":0,"pct":95.23},"statements":{"total":126,"covered":75,"skipped":0,"pct":59.52},"branches":{"total":87,"covered":41,"skipped":0,"pct":47.12}}
,"/Users/quantumrose/Documents/Emberois/LengendOfUni-rebuild/03_Web_Rebuild/src/core/Barback.ts": {"lines":{"total":6,"covered":6,"skipped":0,"pct":100},"functions":{"total":3,"covered":3,"skipped":0,"pct":100},"statements":{"total":6,"covered":6,"skipped":0,"pct":100},"branches":{"total":4,"covered":4,"skipped":0,"pct":100}}
,"/Users/quantumrose/Documents/Emberois/LengendOfUni-rebuild/03_Web_Rebuild/src/core/Building.ts": {"lines":{"total":14,"covered":14,"skipped":0,"pct":100},"functions":{"total":4,"covered":4,"skipped":0,"pct":100},"statements":{"total":14,"covered":14,"skipped":0,"pct":100},"branches":{"total":6,"covered":5,"skipped":0,"pct":83.33}}
,"/Users/quantumrose/Documents/Emberois/LengendOfUni-rebuild/03_Web_Rebuild/src/core/Civilization.ts": {"lines":{"total":20,"covered":20,"skipped":0,"pct":100},"functions":{"total":3,"covered":3,"skipped":0,"pct":100},"statements":{"total":20,"covered":20,"skipped":0,"pct":100},"branches":{"total":0,"covered":0,"skipped":0,"pct":100}}
,"/Users/quantumrose/Documents/Emberois/LengendOfUni-rebuild/03_Web_Rebuild/src/core/CombatEngine.ts": {"lines":{"total":71,"covered":61,"skipped":0,"pct":85.91},"functions":{"total":6,"covered":6,"skipped":0,"pct":100},"statements":{"total":72,"covered":62,"skipped":0,"pct":86.11},"branches":{"total":34,"covered":27,"skipped":0,"pct":79.41}}
,"/Users/quantumrose/Documents/Emberois/LengendOfUni-rebuild/03_Web_Rebuild/src/core/Department.ts": {"lines":{"total":2,"covered":2,"skipped":0,"pct":100},"functions":{"total":2,"covered":2,"skipped":0,"pct":100},"statements":{"total":2,"covered":2,"skipped":0,"pct":100},"branches":{"total":0,"covered":0,"skipped":0,"pct":100}}
,"/Users/quantumrose/Documents/Emberois/LengendOfUni-rebuild/03_Web_Rebuild/src/core/EarthCivilization.ts": {"lines":{"total":286,"covered":199,"skipped":0,"pct":69.58},"functions":{"total":20,"covered":20,"skipped":0,"pct":100},"statements":{"total":325,"covered":209,"skipped":0,"pct":64.3},"branches":{"total":194,"covered":88,"skipped":0,"pct":45.36}}
,"/Users/quantumrose/Documents/Emberois/LengendOfUni-rebuild/03_Web_Rebuild/src/core/EventCadence.ts": {"lines":{"total":45,"covered":35,"skipped":0,"pct":77.77},"functions":{"total":7,"covered":5,"skipped":0,"pct":71.42},"statements":{"total":56,"covered":42,"skipped":0,"pct":75},"branches":{"total":70,"covered":50,"skipped":0,"pct":71.42}}
,"/Users/quantumrose/Documents/Emberois/LengendOfUni-rebuild/03_Web_Rebuild/src/core/Fleet.ts": {"lines":{"total":1,"covered":1,"skipped":0,"pct":100},"functions":{"total":1,"covered":1,"skipped":0,"pct":100},"statements":{"total":1,"covered":1,"skipped":0,"pct":100},"branches":{"total":0,"covered":0,"skipped":0,"pct":100}}
,"/Users/quantumrose/Documents/Emberois/LengendOfUni-rebuild/03_Web_Rebuild/src/core/Game.ts": {"lines":{"total":346,"covered":249,"skipped":0,"pct":71.96},"functions":{"total":46,"covered":38,"skipped":0,"pct":82.6},"statements":{"total":386,"covered":270,"skipped":0,"pct":69.94},"branches":{"total":266,"covered":151,"skipped":0,"pct":56.76}}
,"/Users/quantumrose/Documents/Emberois/LengendOfUni-rebuild/03_Web_Rebuild/src/core/GameEvent.ts": {"lines":{"total":1,"covered":1,"skipped":0,"pct":100},"functions":{"total":1,"covered":1,"skipped":0,"pct":100},"statements":{"total":1,"covered":1,"skipped":0,"pct":100},"branches":{"total":1,"covered":1,"skipped":0,"pct":100}}
,"/Users/quantumrose/Documents/Emberois/LengendOfUni-rebuild/03_Web_Rebuild/src/core/GameEventManager.ts": {"lines":{"total":148,"covered":143,"skipped":0,"pct":96.62},"functions":{"total":20,"covered":20,"skipped":0,"pct":100},"statements":{"total":175,"covered":166,"skipped":0,"pct":94.85},"branches":{"total":179,"covered":155,"skipped":0,"pct":86.59}}
,"/Users/quantumrose/Documents/Emberois/LengendOfUni-rebuild/03_Web_Rebuild/src/core/Person.ts": {"lines":{"total":1,"covered":1,"skipped":0,"pct":100},"functions":{"total":1,"covered":1,"skipped":0,"pct":100},"statements":{"total":1,"covered":1,"skipped":0,"pct":100},"branches":{"total":0,"covered":0,"skipped":0,"pct":100}}
,"/Users/quantumrose/Documents/Emberois/LengendOfUni-rebuild/03_Web_Rebuild/src/core/PersonManager.ts": {"lines":{"total":21,"covered":21,"skipped":0,"pct":100},"functions":{"total":6,"covered":6,"skipped":0,"pct":100},"statements":{"total":21,"covered":21,"skipped":0,"pct":100},"branches":{"total":32,"covered":15,"skipped":0,"pct":46.87}}
,"/Users/quantumrose/Documents/Emberois/LengendOfUni-rebuild/03_Web_Rebuild/src/core/Star.ts": {"lines":{"total":1,"covered":1,"skipped":0,"pct":100},"functions":{"total":1,"covered":1,"skipped":0,"pct":100},"statements":{"total":1,"covered":1,"skipped":0,"pct":100},"branches":{"total":0,"covered":0,"skipped":0,"pct":100}}
,"/Users/quantumrose/Documents/Emberois/LengendOfUni-rebuild/03_Web_Rebuild/src/core/StarGenerator.ts": {"lines":{"total":19,"covered":19,"skipped":0,"pct":100},"functions":{"total":3,"covered":3,"skipped":0,"pct":100},"statements":{"total":20,"covered":20,"skipped":0,"pct":100},"branches":{"total":2,"covered":2,"skipped":0,"pct":100}}
,"/Users/quantumrose/Documents/Emberois/LengendOfUni-rebuild/03_Web_Rebuild/src/core/StarManager.ts": {"lines":{"total":27,"covered":26,"skipped":0,"pct":96.29},"functions":{"total":9,"covered":9,"skipped":0,"pct":100},"statements":{"total":33,"covered":32,"skipped":0,"pct":96.96},"branches":{"total":18,"covered":16,"skipped":0,"pct":88.88}}
,"/Users/quantumrose/Documents/Emberois/LengendOfUni-rebuild/03_Web_Rebuild/src/core/TecTree.ts": {"lines":{"total":16,"covered":16,"skipped":0,"pct":100},"functions":{"total":5,"covered":5,"skipped":0,"pct":100},"statements":{"total":16,"covered":16,"skipped":0,"pct":100},"branches":{"total":9,"covered":8,"skipped":0,"pct":88.88}}
,"/Users/quantumrose/Documents/Emberois/LengendOfUni-rebuild/03_Web_Rebuild/src/core/TecTreeManager.ts": {"lines":{"total":118,"covered":118,"skipped":0,"pct":100},"functions":{"total":9,"covered":9,"skipped":0,"pct":100},"statements":{"total":120,"covered":120,"skipped":0,"pct":100},"branches":{"total":4,"covered":4,"skipped":0,"pct":100}}
,"/Users/quantumrose/Documents/Emberois/LengendOfUni-rebuild/03_Web_Rebuild/src/core/Weapon.ts": {"lines":{"total":5,"covered":5,"skipped":0,"pct":100},"functions":{"total":2,"covered":2,"skipped":0,"pct":100},"statements":{"total":5,"covered":5,"skipped":0,"pct":100},"branches":{"total":4,"covered":3,"skipped":0,"pct":75}}
,"/Users/quantumrose/Documents/Emberois/LengendOfUni-rebuild/03_Web_Rebuild/src/core/WeaponManager.ts": {"lines":{"total":6,"covered":6,"skipped":0,"pct":100},"functions":{"total":4,"covered":4,"skipped":0,"pct":100},"statements":{"total":6,"covered":6,"skipped":0,"pct":100},"branches":{"total":22,"covered":14,"skipped":0,"pct":63.63}}
,"/Users/quantumrose/Documents/Emberois/LengendOfUni-rebuild/03_Web_Rebuild/src/data/aliens.json": {"lines":{"total":0,"covered":0,"skipped":0,"pct":100},"functions":{"total":0,"covered":0,"skipped":0,"pct":100},"statements":{"total":0,"covered":0,"skipped":0,"pct":100},"branches":{"total":0,"covered":0,"skipped":0,"pct":100}}
,"/Users/quantumrose/Documents/Emberois/LengendOfUni-rebuild/03_Web_Rebuild/src/data/events.json": {"lines":{"total":0,"covered":0,"skipped":0,"pct":100},"functions":{"total":0,"covered":0,"skipped":0,"pct":100},"statements":{"total":0,"covered":0,"skipped":0,"pct":100},"branches":{"total":0,"covered":0,"skipped":0,"pct":100}}
,"/Users/quantumrose/Documents/Emberois/LengendOfUni-rebuild/03_Web_Rebuild/src/data/persons.json": {"lines":{"total":0,"covered":0,"skipped":0,"pct":100},"functions":{"total":0,"covered":0,"skipped":0,"pct":100},"statements":{"total":0,"covered":0,"skipped":0,"pct":100},"branches":{"total":0,"covered":0,"skipped":0,"pct":100}}
,"/Users/quantumrose/Documents/Emberois/LengendOfUni-rebuild/03_Web_Rebuild/src/data/randomevents.json": {"lines":{"total":0,"covered":0,"skipped":0,"pct":100},"functions":{"total":0,"covered":0,"skipped":0,"pct":100},"statements":{"total":0,"covered":0,"skipped":0,"pct":100},"branches":{"total":0,"covered":0,"skipped":0,"pct":100}}
,"/Users/quantumrose/Documents/Emberois/LengendOfUni-rebuild/03_Web_Rebuild/src/data/stars.json": {"lines":{"total":0,"covered":0,"skipped":0,"pct":100},"functions":{"total":0,"covered":0,"skipped":0,"pct":100},"statements":{"total":0,"covered":0,"skipped":0,"pct":100},"branches":{"total":0,"covered":0,"skipped":0,"pct":100}}
,"/Users/quantumrose/Documents/Emberois/LengendOfUni-rebuild/03_Web_Rebuild/src/data/timeline.json": {"lines":{"total":0,"covered":0,"skipped":0,"pct":100},"functions":{"total":0,"covered":0,"skipped":0,"pct":100},"statements":{"total":0,"covered":0,"skipped":0,"pct":100},"branches":{"total":0,"covered":0,"skipped":0,"pct":100}}
,"/Users/quantumrose/Documents/Emberois/LengendOfUni-rebuild/03_Web_Rebuild/src/data/weapons.json": {"lines":{"total":0,"covered":0,"skipped":0,"pct":100},"functions":{"total":0,"covered":0,"skipped":0,"pct":100},"statements":{"total":0,"covered":0,"skipped":0,"pct":100},"branches":{"total":0,"covered":0,"skipped":0,"pct":100}}
,"/Users/quantumrose/Documents/Emberois/LengendOfUni-rebuild/03_Web_Rebuild/src/types/enums.ts": {"lines":{"total":87,"covered":87,"skipped":0,"pct":100},"functions":{"total":13,"covered":13,"skipped":0,"pct":100},"statements":{"total":87,"covered":87,"skipped":0,"pct":100},"branches":{"total":0,"covered":0,"skipped":0,"pct":100}}
,"/Users/quantumrose/Documents/Emberois/LengendOfUni-rebuild/03_Web_Rebuild/src/utils/assetUrl.ts": {"lines":{"total":5,"covered":5,"skipped":0,"pct":100},"functions":{"total":2,"covered":2,"skipped":0,"pct":100},"statements":{"total":6,"covered":5,"skipped":0,"pct":83.33},"branches":{"total":7,"covered":4,"skipped":0,"pct":57.14}}
,"/Users/quantumrose/Documents/Emberois/LengendOfUni-rebuild/03_Web_Rebuild/src/utils/random.ts": {"lines":{"total":12,"covered":11,"skipped":0,"pct":91.66},"functions":{"total":8,"covered":7,"skipped":0,"pct":87.5},"statements":{"total":14,"covered":13,"skipped":0,"pct":92.85},"branches":{"total":5,"covered":5,"skipped":0,"pct":100}}
}
